2016-07-21 10:03:55 DEBUG Application:22 - Application running...
2016-07-21 10:03:56 DEBUG Application:22 - Application running...
2016-07-21 10:03:57 INFO  Application:48 - Starting Application on MAXIMYIIIKA with PID 6380 (C:\Users\maxim\IdeaProjects\multi-module-project\springboothelloworld\target\classes started by maxim in C:\Users\maxim\IdeaProjects\multi-module-project)
2016-07-21 10:03:57 DEBUG Application:51 - Running with Spring Boot v1.3.6.RELEASE, Spring v4.2.7.RELEASE
2016-07-21 10:03:57 INFO  Application:660 - No active profile set, falling back to default profiles: default
2016-07-21 10:04:33 DEBUG Application:22 - Application running...
2016-07-21 10:04:34 DEBUG Application:22 - Application running...
2016-07-21 10:04:35 INFO  Application:48 - Starting Application on MAXIMYIIIKA with PID 2532 (C:\Users\maxim\IdeaProjects\multi-module-project\springboothelloworld\target\classes started by maxim in C:\Users\maxim\IdeaProjects\multi-module-project)
2016-07-21 10:04:35 DEBUG Application:51 - Running with Spring Boot v1.3.6.RELEASE, Spring v4.2.7.RELEASE
2016-07-21 10:04:35 INFO  Application:660 - No active profile set, falling back to default profiles: default
2016-07-21 10:05:52 DEBUG Application:22 - Application running...
2016-07-21 10:05:53 DEBUG Application:22 - Application running...
2016-07-21 10:05:53 INFO  Application:48 - Starting Application on MAXIMYIIIKA with PID 6844 (C:\Users\maxim\IdeaProjects\multi-module-project\springboothelloworld\target\classes started by maxim in C:\Users\maxim\IdeaProjects\multi-module-project)
2016-07-21 10:05:53 DEBUG Application:51 - Running with Spring Boot v1.3.6.RELEASE, Spring v4.2.7.RELEASE
2016-07-21 10:05:53 INFO  Application:660 - No active profile set, falling back to default profiles: default
2016-07-21 10:06:01 DEBUG ModulePlatform:20 - ModulePlatform{modules=null} object creation
2016-07-21 10:06:01 DEBUG AppContext:27 - @Bean ModulePlatform{modules=[]} created
2016-07-21 10:06:03 INFO  Application:57 - Started Application in 10.558 seconds (JVM running for 12.155)
2016-07-21 10:06:29 DEBUG MainController:25 - MainController.startPage() is working
2016-07-21 10:06:31 DEBUG MainController:32 - MainController.showModules() is working
2016-07-21 10:07:44 DEBUG Application:22 - Application running...
2016-07-21 10:07:45 DEBUG Application:22 - Application running...
2016-07-21 10:07:46 INFO  Application:48 - Starting Application on MAXIMYIIIKA with PID 6372 (C:\Users\maxim\IdeaProjects\multi-module-project\springboothelloworld\target\classes started by maxim in C:\Users\maxim\IdeaProjects\multi-module-project)
2016-07-21 10:07:46 DEBUG Application:51 - Running with Spring Boot v1.3.6.RELEASE, Spring v4.2.7.RELEASE
2016-07-21 10:07:46 INFO  Application:660 - No active profile set, falling back to default profiles: default
2016-07-21 10:10:58 DEBUG Application:22 - Application running...
2016-07-21 10:10:58 DEBUG Application:22 - Application running...
2016-07-21 10:10:59 INFO  Application:48 - Starting Application on MAXIMYIIIKA with PID 6288 (C:\Users\maxim\IdeaProjects\multi-module-project\springboothelloworld\target\classes started by maxim in C:\Users\maxim\IdeaProjects\multi-module-project)
2016-07-21 10:10:59 DEBUG Application:51 - Running with Spring Boot v1.3.6.RELEASE, Spring v4.2.7.RELEASE
2016-07-21 10:10:59 INFO  Application:660 - No active profile set, falling back to default profiles: default
2016-07-21 10:13:07 DEBUG Application:22 - Application running...
2016-07-21 10:13:08 DEBUG Application:22 - Application running...
2016-07-21 10:13:09 INFO  Application:48 - Starting Application on MAXIMYIIIKA with PID 1656 (C:\Users\maxim\IdeaProjects\multi-module-project\springboothelloworld\target\classes started by maxim in C:\Users\maxim\IdeaProjects\multi-module-project)
2016-07-21 10:13:09 DEBUG Application:51 - Running with Spring Boot v1.3.6.RELEASE, Spring v4.2.7.RELEASE
2016-07-21 10:13:09 INFO  Application:660 - No active profile set, falling back to default profiles: default
2016-07-21 10:16:35 DEBUG Application:22 - Application running...
2016-07-21 10:16:36 DEBUG Application:22 - Application running...
2016-07-21 10:16:37 INFO  Application:48 - Starting Application on MAXIMYIIIKA with PID 3012 (C:\Users\maxim\IdeaProjects\multi-module-project\springboothelloworld\target\classes started by maxim in C:\Users\maxim\IdeaProjects\multi-module-project)
2016-07-21 10:16:37 DEBUG Application:51 - Running with Spring Boot v1.3.6.RELEASE, Spring v4.2.7.RELEASE
2016-07-21 10:16:37 INFO  Application:660 - No active profile set, falling back to default profiles: default
2016-07-21 10:22:25 DEBUG Application:22 - Application running...
2016-07-21 10:22:26 DEBUG Application:22 - Application running...
2016-07-21 10:22:27 INFO  Application:48 - Starting Application on MAXIMYIIIKA with PID 5552 (C:\Users\maxim\IdeaProjects\multi-module-project\springboothelloworld\target\classes started by maxim in C:\Users\maxim\IdeaProjects\multi-module-project)
2016-07-21 10:22:27 DEBUG Application:51 - Running with Spring Boot v1.3.6.RELEASE, Spring v4.2.7.RELEASE
2016-07-21 10:22:27 INFO  Application:660 - No active profile set, falling back to default profiles: default
2016-07-21 10:23:35 DEBUG Application:22 - Application running...
2016-07-21 10:23:36 DEBUG Application:22 - Application running...
2016-07-21 10:23:37 INFO  Application:48 - Starting Application on MAXIMYIIIKA with PID 6708 (C:\Users\maxim\IdeaProjects\multi-module-project\springboothelloworld\target\classes started by maxim in C:\Users\maxim\IdeaProjects\multi-module-project)
2016-07-21 10:23:37 DEBUG Application:51 - Running with Spring Boot v1.3.6.RELEASE, Spring v4.2.7.RELEASE
2016-07-21 10:23:37 INFO  Application:660 - No active profile set, falling back to default profiles: default
2016-07-21 10:24:01 DEBUG Application:22 - Application running...
2016-07-21 10:24:02 DEBUG Application:22 - Application running...
2016-07-21 10:24:03 INFO  Application:48 - Starting Application on MAXIMYIIIKA with PID 8784 (C:\Users\maxim\IdeaProjects\multi-module-project\springboothelloworld\target\classes started by maxim in C:\Users\maxim\IdeaProjects\multi-module-project)
2016-07-21 10:24:03 DEBUG Application:51 - Running with Spring Boot v1.3.6.RELEASE, Spring v4.2.7.RELEASE
2016-07-21 10:24:03 INFO  Application:660 - No active profile set, falling back to default profiles: default
2016-07-21 10:24:40 DEBUG Application:22 - Application running...
2016-07-21 10:24:41 DEBUG Application:22 - Application running...
2016-07-21 10:24:42 INFO  Application:48 - Starting Application on MAXIMYIIIKA with PID 5328 (C:\Users\maxim\IdeaProjects\multi-module-project\springboothelloworld\target\classes started by maxim in C:\Users\maxim\IdeaProjects\multi-module-project)
2016-07-21 10:24:42 DEBUG Application:51 - Running with Spring Boot v1.3.6.RELEASE, Spring v4.2.7.RELEASE
2016-07-21 10:24:42 INFO  Application:660 - No active profile set, falling back to default profiles: default
2016-07-21 10:33:12 DEBUG Application:22 - Application running...
2016-07-21 10:33:13 DEBUG Application:22 - Application running...
2016-07-21 10:33:14 INFO  Application:48 - Starting Application on MAXIMYIIIKA with PID 2408 (C:\Users\maxim\IdeaProjects\multi-module-project\springboothelloworld\target\classes started by maxim in C:\Users\maxim\IdeaProjects\multi-module-project)
2016-07-21 10:33:14 DEBUG Application:51 - Running with Spring Boot v1.3.6.RELEASE, Spring v4.2.7.RELEASE
2016-07-21 10:33:14 INFO  Application:660 - No active profile set, falling back to default profiles: default
2016-07-21 10:33:22 DEBUG ModulePlatform:20 - ModulePlatform{modules=null} object creation
2016-07-21 10:33:22 DEBUG AppContext:27 - @Bean ModulePlatform{modules=[]} created
2016-07-21 10:33:24 INFO  Application:57 - Started Application in 11.481 seconds (JVM running for 13.045)
2016-07-21 10:33:36 DEBUG MainController:25 - MainController.startPage() is working
2016-07-21 10:33:38 DEBUG MainController:32 - MainController.showModules() is working
2016-07-21 10:33:40 DEBUG MainController:32 - MainController.showModules() is working
2016-07-21 10:33:40 DEBUG MainController:32 - MainController.showModules() is working
2016-07-21 10:33:41 DEBUG MainController:32 - MainController.showModules() is working
2016-07-21 10:33:41 DEBUG MainController:32 - MainController.showModules() is working
2016-07-21 10:33:41 DEBUG MainController:32 - MainController.showModules() is working
2016-07-21 10:34:06 DEBUG Application:22 - Application running...
2016-07-21 10:34:06 DEBUG Application:22 - Application running...
2016-07-21 10:34:07 INFO  Application:48 - Starting Application on MAXIMYIIIKA with PID 8264 (C:\Users\maxim\IdeaProjects\multi-module-project\springboothelloworld\target\classes started by maxim in C:\Users\maxim\IdeaProjects\multi-module-project)
2016-07-21 10:34:07 DEBUG Application:51 - Running with Spring Boot v1.3.6.RELEASE, Spring v4.2.7.RELEASE
2016-07-21 10:34:07 INFO  Application:660 - No active profile set, falling back to default profiles: default
2016-07-21 10:35:22 DEBUG Application:22 - Application running...
2016-07-21 10:35:23 DEBUG Application:22 - Application running...
2016-07-21 10:35:24 INFO  Application:48 - Starting Application on MAXIMYIIIKA with PID 752 (C:\Users\maxim\IdeaProjects\multi-module-project\springboothelloworld\target\classes started by maxim in C:\Users\maxim\IdeaProjects\multi-module-project)
2016-07-21 10:35:24 DEBUG Application:51 - Running with Spring Boot v1.3.6.RELEASE, Spring v4.2.7.RELEASE
2016-07-21 10:35:24 INFO  Application:660 - No active profile set, falling back to default profiles: default
