2016-08-02 12:07:04 DEBUG SpringJUnit4ClassRunner:142 - SpringJUnit4ClassRunner constructor called with [class com.example.SpringBootHelloWorldApplicationTests]
2016-08-02 12:07:04 DEBUG BootstrapUtils:89 - Instantiating CacheAwareContextLoaderDelegate from class [org.springframework.test.context.cache.DefaultCacheAwareContextLoaderDelegate]
2016-08-02 12:07:04 DEBUG BootstrapUtils:72 - Instantiating BootstrapContext using constructor [public org.springframework.test.context.support.DefaultBootstrapContext(java.lang.Class,org.springframework.test.context.CacheAwareContextLoaderDelegate)]
2016-08-02 12:07:04 DEBUG BootstrapUtils:134 - Instantiating TestContextBootstrapper for test class [com.example.SpringBootHelloWorldApplicationTests] from class [org.springframework.test.context.web.WebTestContextBootstrapper]
2016-08-02 12:07:04 DEBUG WebTestContextBootstrapper:450 - Found explicit ContextLoader class [org.springframework.boot.test.SpringApplicationContextLoader] for context configuration attributes [ContextConfigurationAttributes@19f379 declaringClass = 'com.example.SpringBootHelloWorldApplicationTests', classes = '{class application.Application}', locations = '{}', inheritLocations = true, initializers = '{}', inheritInitializers = true, name = [null], contextLoaderClass = 'org.springframework.boot.test.SpringApplicationContextLoader']
2016-08-02 12:07:05 DEBUG AbstractContextLoader:236 - Did not detect default resource location for test class [com.example.SpringBootHelloWorldApplicationTests]: class path resource [com/example/SpringBootHelloWorldApplicationTests-context.xml] does not exist
2016-08-02 12:07:05 DEBUG AbstractContextLoader:236 - Did not detect default resource location for test class [com.example.SpringBootHelloWorldApplicationTests]: class path resource [com/example/SpringBootHelloWorldApplicationTestsContext.groovy] does not exist
2016-08-02 12:07:05 INFO  AbstractContextLoader:242 - Could not detect default resource locations for test class [com.example.SpringBootHelloWorldApplicationTests]: no resource found for suffixes {-context.xml, Context.groovy}.
2016-08-02 12:07:05 DEBUG ActiveProfilesUtils:84 - Could not find an 'annotation declaring class' for annotation type [org.springframework.test.context.ActiveProfiles] and class [com.example.SpringBootHelloWorldApplicationTests]
2016-08-02 12:07:05 DEBUG WebTestContextBootstrapper:130 - @TestExecutionListeners is not present for class [com.example.SpringBootHelloWorldApplicationTests]: using defaults.
2016-08-02 12:07:05 INFO  WebTestContextBootstrapper:258 - Loaded default TestExecutionListener class names from location [META-INF/spring.factories]: [org.springframework.test.context.web.ServletTestExecutionListener, org.springframework.test.context.support.DirtiesContextBeforeModesTestExecutionListener, org.springframework.test.context.support.DependencyInjectionTestExecutionListener, org.springframework.test.context.support.DirtiesContextTestExecutionListener, org.springframework.test.context.transaction.TransactionalTestExecutionListener, org.springframework.test.context.jdbc.SqlScriptsTestExecutionListener]
2016-08-02 12:07:05 INFO  WebTestContextBootstrapper:207 - Could not instantiate TestExecutionListener [org.springframework.test.context.transaction.TransactionalTestExecutionListener]. Specify custom listener classes or make the default listener classes (and their required dependencies) available. Offending class: [org/springframework/transaction/interceptor/TransactionAttributeSource]
2016-08-02 12:07:05 INFO  WebTestContextBootstrapper:207 - Could not instantiate TestExecutionListener [org.springframework.test.context.jdbc.SqlScriptsTestExecutionListener]. Specify custom listener classes or make the default listener classes (and their required dependencies) available. Offending class: [org/springframework/transaction/interceptor/TransactionAttribute]
2016-08-02 12:07:05 INFO  WebTestContextBootstrapper:185 - Using TestExecutionListeners: [org.springframework.test.context.web.ServletTestExecutionListener@1993335, org.springframework.test.context.support.DirtiesContextBeforeModesTestExecutionListener@322d26, org.springframework.test.context.support.DependencyInjectionTestExecutionListener@12b07fd, org.springframework.test.context.support.DirtiesContextTestExecutionListener@bfbc86]
2016-08-02 12:07:05 DEBUG ProfileValueUtils:71 - Retrieved @ProfileValueSourceConfiguration [null] for test class [com.example.SpringBootHelloWorldApplicationTests]
2016-08-02 12:07:05 DEBUG ProfileValueUtils:83 - Retrieved ProfileValueSource type [class org.springframework.test.annotation.SystemProfileValueSource] for class [com.example.SpringBootHelloWorldApplicationTests]
2016-08-02 12:07:05 DEBUG SpringJUnit4ClassRunner:142 - SpringJUnit4ClassRunner constructor called with [class com.example.SpringBootHelloWorldApplicationTests]
2016-08-02 12:07:05 DEBUG BootstrapUtils:89 - Instantiating CacheAwareContextLoaderDelegate from class [org.springframework.test.context.cache.DefaultCacheAwareContextLoaderDelegate]
2016-08-02 12:07:05 DEBUG BootstrapUtils:72 - Instantiating BootstrapContext using constructor [public org.springframework.test.context.support.DefaultBootstrapContext(java.lang.Class,org.springframework.test.context.CacheAwareContextLoaderDelegate)]
2016-08-02 12:07:05 DEBUG BootstrapUtils:134 - Instantiating TestContextBootstrapper for test class [com.example.SpringBootHelloWorldApplicationTests] from class [org.springframework.test.context.web.WebTestContextBootstrapper]
2016-08-02 12:07:05 DEBUG WebTestContextBootstrapper:450 - Found explicit ContextLoader class [org.springframework.boot.test.SpringApplicationContextLoader] for context configuration attributes [ContextConfigurationAttributes@c0a365 declaringClass = 'com.example.SpringBootHelloWorldApplicationTests', classes = '{class application.Application}', locations = '{}', inheritLocations = true, initializers = '{}', inheritInitializers = true, name = [null], contextLoaderClass = 'org.springframework.boot.test.SpringApplicationContextLoader']
2016-08-02 12:07:05 DEBUG AbstractContextLoader:236 - Did not detect default resource location for test class [com.example.SpringBootHelloWorldApplicationTests]: class path resource [com/example/SpringBootHelloWorldApplicationTests-context.xml] does not exist
2016-08-02 12:07:05 DEBUG AbstractContextLoader:236 - Did not detect default resource location for test class [com.example.SpringBootHelloWorldApplicationTests]: class path resource [com/example/SpringBootHelloWorldApplicationTestsContext.groovy] does not exist
2016-08-02 12:07:05 INFO  AbstractContextLoader:242 - Could not detect default resource locations for test class [com.example.SpringBootHelloWorldApplicationTests]: no resource found for suffixes {-context.xml, Context.groovy}.
2016-08-02 12:07:05 DEBUG ActiveProfilesUtils:84 - Could not find an 'annotation declaring class' for annotation type [org.springframework.test.context.ActiveProfiles] and class [com.example.SpringBootHelloWorldApplicationTests]
2016-08-02 12:07:05 DEBUG WebTestContextBootstrapper:130 - @TestExecutionListeners is not present for class [com.example.SpringBootHelloWorldApplicationTests]: using defaults.
2016-08-02 12:07:05 INFO  WebTestContextBootstrapper:258 - Loaded default TestExecutionListener class names from location [META-INF/spring.factories]: [org.springframework.test.context.web.ServletTestExecutionListener, org.springframework.test.context.support.DirtiesContextBeforeModesTestExecutionListener, org.springframework.test.context.support.DependencyInjectionTestExecutionListener, org.springframework.test.context.support.DirtiesContextTestExecutionListener, org.springframework.test.context.transaction.TransactionalTestExecutionListener, org.springframework.test.context.jdbc.SqlScriptsTestExecutionListener]
2016-08-02 12:07:05 INFO  WebTestContextBootstrapper:207 - Could not instantiate TestExecutionListener [org.springframework.test.context.transaction.TransactionalTestExecutionListener]. Specify custom listener classes or make the default listener classes (and their required dependencies) available. Offending class: [org/springframework/transaction/interceptor/TransactionAttributeSource]
2016-08-02 12:07:05 INFO  WebTestContextBootstrapper:207 - Could not instantiate TestExecutionListener [org.springframework.test.context.jdbc.SqlScriptsTestExecutionListener]. Specify custom listener classes or make the default listener classes (and their required dependencies) available. Offending class: [org/springframework/transaction/interceptor/TransactionAttribute]
2016-08-02 12:07:05 INFO  WebTestContextBootstrapper:185 - Using TestExecutionListeners: [org.springframework.test.context.web.ServletTestExecutionListener@10736d9, org.springframework.test.context.support.DirtiesContextBeforeModesTestExecutionListener@19d02cb, org.springframework.test.context.support.DependencyInjectionTestExecutionListener@1753b6d, org.springframework.test.context.support.DirtiesContextTestExecutionListener@109bb57]
2016-08-02 12:07:05 DEBUG ProfileValueUtils:71 - Retrieved @ProfileValueSourceConfiguration [null] for test class [com.example.SpringBootHelloWorldApplicationTests]
2016-08-02 12:07:05 DEBUG ProfileValueUtils:83 - Retrieved ProfileValueSource type [class org.springframework.test.annotation.SystemProfileValueSource] for class [com.example.SpringBootHelloWorldApplicationTests]
2016-08-02 12:07:05 DEBUG ProfileValueUtils:71 - Retrieved @ProfileValueSourceConfiguration [null] for test class [com.example.SpringBootHelloWorldApplicationTests]
2016-08-02 12:07:05 DEBUG ProfileValueUtils:83 - Retrieved ProfileValueSource type [class org.springframework.test.annotation.SystemProfileValueSource] for class [com.example.SpringBootHelloWorldApplicationTests]
2016-08-02 12:07:05 DEBUG AbstractDirtiesContextTestExecutionListener:141 - Before test class: context [DefaultTestContext@15eadca testClass = SpringBootHelloWorldApplicationTests, testInstance = [null], testMethod = [null], testException = [null], mergedContextConfiguration = [WebMergedContextConfiguration@10366b4 testClass = SpringBootHelloWorldApplicationTests, locations = '{}', classes = '{class application.Application}', contextInitializerClasses = '[]', activeProfiles = '{}', propertySourceLocations = '{}', propertySourceProperties = '{}', resourceBasePath = 'src/main/webapp', contextLoader = 'org.springframework.boot.test.SpringApplicationContextLoader', parent = [null]]], class annotated with @DirtiesContext [false] with mode [null].
2016-08-02 12:07:05 DEBUG ProfileValueUtils:71 - Retrieved @ProfileValueSourceConfiguration [null] for test class [com.example.SpringBootHelloWorldApplicationTests]
2016-08-02 12:07:05 DEBUG ProfileValueUtils:83 - Retrieved ProfileValueSource type [class org.springframework.test.annotation.SystemProfileValueSource] for class [com.example.SpringBootHelloWorldApplicationTests]
2016-08-02 12:07:05 DEBUG StandardEnvironment:109 - Adding [systemProperties] PropertySource with lowest search precedence
2016-08-02 12:07:05 DEBUG StandardEnvironment:109 - Adding [systemEnvironment] PropertySource with lowest search precedence
2016-08-02 12:07:05 DEBUG StandardEnvironment:127 - Initialized StandardEnvironment with PropertySources [systemProperties,systemEnvironment]
2016-08-02 12:07:05 DEBUG StandardEnvironment:137 - Adding [integrationTest] PropertySource with search precedence immediately lower than [systemEnvironment]
2016-08-02 12:26:34 DEBUG SpringJUnit4ClassRunner:142 - SpringJUnit4ClassRunner constructor called with [class com.example.SpringBootHelloWorldApplicationTests]
2016-08-02 12:26:34 DEBUG BootstrapUtils:89 - Instantiating CacheAwareContextLoaderDelegate from class [org.springframework.test.context.cache.DefaultCacheAwareContextLoaderDelegate]
2016-08-02 12:26:34 DEBUG BootstrapUtils:72 - Instantiating BootstrapContext using constructor [public org.springframework.test.context.support.DefaultBootstrapContext(java.lang.Class,org.springframework.test.context.CacheAwareContextLoaderDelegate)]
2016-08-02 12:26:34 DEBUG BootstrapUtils:134 - Instantiating TestContextBootstrapper for test class [com.example.SpringBootHelloWorldApplicationTests] from class [org.springframework.test.context.web.WebTestContextBootstrapper]
2016-08-02 12:26:35 DEBUG WebTestContextBootstrapper:450 - Found explicit ContextLoader class [org.springframework.boot.test.SpringApplicationContextLoader] for context configuration attributes [ContextConfigurationAttributes@19f379 declaringClass = 'com.example.SpringBootHelloWorldApplicationTests', classes = '{class application.Application}', locations = '{}', inheritLocations = true, initializers = '{}', inheritInitializers = true, name = [null], contextLoaderClass = 'org.springframework.boot.test.SpringApplicationContextLoader']
2016-08-02 12:26:35 DEBUG AbstractContextLoader:236 - Did not detect default resource location for test class [com.example.SpringBootHelloWorldApplicationTests]: class path resource [com/example/SpringBootHelloWorldApplicationTests-context.xml] does not exist
2016-08-02 12:26:35 DEBUG AbstractContextLoader:236 - Did not detect default resource location for test class [com.example.SpringBootHelloWorldApplicationTests]: class path resource [com/example/SpringBootHelloWorldApplicationTestsContext.groovy] does not exist
2016-08-02 12:26:35 INFO  AbstractContextLoader:242 - Could not detect default resource locations for test class [com.example.SpringBootHelloWorldApplicationTests]: no resource found for suffixes {-context.xml, Context.groovy}.
2016-08-02 12:26:35 DEBUG ActiveProfilesUtils:84 - Could not find an 'annotation declaring class' for annotation type [org.springframework.test.context.ActiveProfiles] and class [com.example.SpringBootHelloWorldApplicationTests]
2016-08-02 12:26:35 DEBUG WebTestContextBootstrapper:130 - @TestExecutionListeners is not present for class [com.example.SpringBootHelloWorldApplicationTests]: using defaults.
2016-08-02 12:26:35 INFO  WebTestContextBootstrapper:258 - Loaded default TestExecutionListener class names from location [META-INF/spring.factories]: [org.springframework.test.context.web.ServletTestExecutionListener, org.springframework.test.context.support.DirtiesContextBeforeModesTestExecutionListener, org.springframework.test.context.support.DependencyInjectionTestExecutionListener, org.springframework.test.context.support.DirtiesContextTestExecutionListener, org.springframework.test.context.transaction.TransactionalTestExecutionListener, org.springframework.test.context.jdbc.SqlScriptsTestExecutionListener]
2016-08-02 12:26:35 INFO  WebTestContextBootstrapper:207 - Could not instantiate TestExecutionListener [org.springframework.test.context.transaction.TransactionalTestExecutionListener]. Specify custom listener classes or make the default listener classes (and their required dependencies) available. Offending class: [org/springframework/transaction/interceptor/TransactionAttributeSource]
2016-08-02 12:26:35 INFO  WebTestContextBootstrapper:207 - Could not instantiate TestExecutionListener [org.springframework.test.context.jdbc.SqlScriptsTestExecutionListener]. Specify custom listener classes or make the default listener classes (and their required dependencies) available. Offending class: [org/springframework/transaction/interceptor/TransactionAttribute]
2016-08-02 12:26:35 INFO  WebTestContextBootstrapper:185 - Using TestExecutionListeners: [org.springframework.test.context.web.ServletTestExecutionListener@1993335, org.springframework.test.context.support.DirtiesContextBeforeModesTestExecutionListener@322d26, org.springframework.test.context.support.DependencyInjectionTestExecutionListener@12b07fd, org.springframework.test.context.support.DirtiesContextTestExecutionListener@bfbc86]
2016-08-02 12:26:35 DEBUG ProfileValueUtils:71 - Retrieved @ProfileValueSourceConfiguration [null] for test class [com.example.SpringBootHelloWorldApplicationTests]
2016-08-02 12:26:35 DEBUG ProfileValueUtils:83 - Retrieved ProfileValueSource type [class org.springframework.test.annotation.SystemProfileValueSource] for class [com.example.SpringBootHelloWorldApplicationTests]
2016-08-02 12:26:35 DEBUG SpringJUnit4ClassRunner:142 - SpringJUnit4ClassRunner constructor called with [class com.example.SpringBootHelloWorldApplicationTests]
2016-08-02 12:26:35 DEBUG BootstrapUtils:89 - Instantiating CacheAwareContextLoaderDelegate from class [org.springframework.test.context.cache.DefaultCacheAwareContextLoaderDelegate]
2016-08-02 12:26:35 DEBUG BootstrapUtils:72 - Instantiating BootstrapContext using constructor [public org.springframework.test.context.support.DefaultBootstrapContext(java.lang.Class,org.springframework.test.context.CacheAwareContextLoaderDelegate)]
2016-08-02 12:26:35 DEBUG BootstrapUtils:134 - Instantiating TestContextBootstrapper for test class [com.example.SpringBootHelloWorldApplicationTests] from class [org.springframework.test.context.web.WebTestContextBootstrapper]
2016-08-02 12:26:35 DEBUG WebTestContextBootstrapper:450 - Found explicit ContextLoader class [org.springframework.boot.test.SpringApplicationContextLoader] for context configuration attributes [ContextConfigurationAttributes@c0a365 declaringClass = 'com.example.SpringBootHelloWorldApplicationTests', classes = '{class application.Application}', locations = '{}', inheritLocations = true, initializers = '{}', inheritInitializers = true, name = [null], contextLoaderClass = 'org.springframework.boot.test.SpringApplicationContextLoader']
2016-08-02 12:26:35 DEBUG AbstractContextLoader:236 - Did not detect default resource location for test class [com.example.SpringBootHelloWorldApplicationTests]: class path resource [com/example/SpringBootHelloWorldApplicationTests-context.xml] does not exist
2016-08-02 12:26:35 DEBUG AbstractContextLoader:236 - Did not detect default resource location for test class [com.example.SpringBootHelloWorldApplicationTests]: class path resource [com/example/SpringBootHelloWorldApplicationTestsContext.groovy] does not exist
2016-08-02 12:26:35 INFO  AbstractContextLoader:242 - Could not detect default resource locations for test class [com.example.SpringBootHelloWorldApplicationTests]: no resource found for suffixes {-context.xml, Context.groovy}.
2016-08-02 12:26:35 DEBUG ActiveProfilesUtils:84 - Could not find an 'annotation declaring class' for annotation type [org.springframework.test.context.ActiveProfiles] and class [com.example.SpringBootHelloWorldApplicationTests]
2016-08-02 12:26:35 DEBUG WebTestContextBootstrapper:130 - @TestExecutionListeners is not present for class [com.example.SpringBootHelloWorldApplicationTests]: using defaults.
2016-08-02 12:26:35 INFO  WebTestContextBootstrapper:258 - Loaded default TestExecutionListener class names from location [META-INF/spring.factories]: [org.springframework.test.context.web.ServletTestExecutionListener, org.springframework.test.context.support.DirtiesContextBeforeModesTestExecutionListener, org.springframework.test.context.support.DependencyInjectionTestExecutionListener, org.springframework.test.context.support.DirtiesContextTestExecutionListener, org.springframework.test.context.transaction.TransactionalTestExecutionListener, org.springframework.test.context.jdbc.SqlScriptsTestExecutionListener]
2016-08-02 12:26:35 INFO  WebTestContextBootstrapper:207 - Could not instantiate TestExecutionListener [org.springframework.test.context.transaction.TransactionalTestExecutionListener]. Specify custom listener classes or make the default listener classes (and their required dependencies) available. Offending class: [org/springframework/transaction/interceptor/TransactionAttributeSource]
2016-08-02 12:26:35 INFO  WebTestContextBootstrapper:207 - Could not instantiate TestExecutionListener [org.springframework.test.context.jdbc.SqlScriptsTestExecutionListener]. Specify custom listener classes or make the default listener classes (and their required dependencies) available. Offending class: [org/springframework/transaction/interceptor/TransactionAttribute]
2016-08-02 12:26:35 INFO  WebTestContextBootstrapper:185 - Using TestExecutionListeners: [org.springframework.test.context.web.ServletTestExecutionListener@10736d9, org.springframework.test.context.support.DirtiesContextBeforeModesTestExecutionListener@19d02cb, org.springframework.test.context.support.DependencyInjectionTestExecutionListener@1753b6d, org.springframework.test.context.support.DirtiesContextTestExecutionListener@109bb57]
2016-08-02 12:26:35 DEBUG ProfileValueUtils:71 - Retrieved @ProfileValueSourceConfiguration [null] for test class [com.example.SpringBootHelloWorldApplicationTests]
2016-08-02 12:26:35 DEBUG ProfileValueUtils:83 - Retrieved ProfileValueSource type [class org.springframework.test.annotation.SystemProfileValueSource] for class [com.example.SpringBootHelloWorldApplicationTests]
2016-08-02 12:26:35 DEBUG ProfileValueUtils:71 - Retrieved @ProfileValueSourceConfiguration [null] for test class [com.example.SpringBootHelloWorldApplicationTests]
2016-08-02 12:26:35 DEBUG ProfileValueUtils:83 - Retrieved ProfileValueSource type [class org.springframework.test.annotation.SystemProfileValueSource] for class [com.example.SpringBootHelloWorldApplicationTests]
2016-08-02 12:26:35 DEBUG AbstractDirtiesContextTestExecutionListener:141 - Before test class: context [DefaultTestContext@15eadca testClass = SpringBootHelloWorldApplicationTests, testInstance = [null], testMethod = [null], testException = [null], mergedContextConfiguration = [WebMergedContextConfiguration@10366b4 testClass = SpringBootHelloWorldApplicationTests, locations = '{}', classes = '{class application.Application}', contextInitializerClasses = '[]', activeProfiles = '{}', propertySourceLocations = '{}', propertySourceProperties = '{}', resourceBasePath = 'src/main/webapp', contextLoader = 'org.springframework.boot.test.SpringApplicationContextLoader', parent = [null]]], class annotated with @DirtiesContext [false] with mode [null].
2016-08-02 12:26:35 DEBUG ProfileValueUtils:71 - Retrieved @ProfileValueSourceConfiguration [null] for test class [com.example.SpringBootHelloWorldApplicationTests]
2016-08-02 12:26:35 DEBUG ProfileValueUtils:83 - Retrieved ProfileValueSource type [class org.springframework.test.annotation.SystemProfileValueSource] for class [com.example.SpringBootHelloWorldApplicationTests]
2016-08-02 12:26:35 DEBUG StandardEnvironment:109 - Adding [systemProperties] PropertySource with lowest search precedence
2016-08-02 12:26:35 DEBUG StandardEnvironment:109 - Adding [systemEnvironment] PropertySource with lowest search precedence
2016-08-02 12:26:35 DEBUG StandardEnvironment:127 - Initialized StandardEnvironment with PropertySources [systemProperties,systemEnvironment]
2016-08-02 12:26:35 DEBUG StandardEnvironment:137 - Adding [integrationTest] PropertySource with search precedence immediately lower than [systemEnvironment]
2016-08-02 12:39:24 DEBUG SpringJUnit4ClassRunner:142 - SpringJUnit4ClassRunner constructor called with [class com.example.SpringBootHelloWorldApplicationTests]
2016-08-02 12:39:24 DEBUG BootstrapUtils:89 - Instantiating CacheAwareContextLoaderDelegate from class [org.springframework.test.context.cache.DefaultCacheAwareContextLoaderDelegate]
2016-08-02 12:39:24 DEBUG BootstrapUtils:72 - Instantiating BootstrapContext using constructor [public org.springframework.test.context.support.DefaultBootstrapContext(java.lang.Class,org.springframework.test.context.CacheAwareContextLoaderDelegate)]
2016-08-02 12:39:24 DEBUG BootstrapUtils:134 - Instantiating TestContextBootstrapper for test class [com.example.SpringBootHelloWorldApplicationTests] from class [org.springframework.test.context.web.WebTestContextBootstrapper]
2016-08-02 12:39:24 DEBUG WebTestContextBootstrapper:450 - Found explicit ContextLoader class [org.springframework.boot.test.SpringApplicationContextLoader] for context configuration attributes [ContextConfigurationAttributes@19f379 declaringClass = 'com.example.SpringBootHelloWorldApplicationTests', classes = '{class application.Application}', locations = '{}', inheritLocations = true, initializers = '{}', inheritInitializers = true, name = [null], contextLoaderClass = 'org.springframework.boot.test.SpringApplicationContextLoader']
2016-08-02 12:39:24 DEBUG AbstractContextLoader:236 - Did not detect default resource location for test class [com.example.SpringBootHelloWorldApplicationTests]: class path resource [com/example/SpringBootHelloWorldApplicationTests-context.xml] does not exist
2016-08-02 12:39:24 DEBUG AbstractContextLoader:236 - Did not detect default resource location for test class [com.example.SpringBootHelloWorldApplicationTests]: class path resource [com/example/SpringBootHelloWorldApplicationTestsContext.groovy] does not exist
2016-08-02 12:39:24 INFO  AbstractContextLoader:242 - Could not detect default resource locations for test class [com.example.SpringBootHelloWorldApplicationTests]: no resource found for suffixes {-context.xml, Context.groovy}.
2016-08-02 12:39:24 DEBUG ActiveProfilesUtils:84 - Could not find an 'annotation declaring class' for annotation type [org.springframework.test.context.ActiveProfiles] and class [com.example.SpringBootHelloWorldApplicationTests]
2016-08-02 12:39:24 DEBUG WebTestContextBootstrapper:130 - @TestExecutionListeners is not present for class [com.example.SpringBootHelloWorldApplicationTests]: using defaults.
2016-08-02 12:39:24 INFO  WebTestContextBootstrapper:258 - Loaded default TestExecutionListener class names from location [META-INF/spring.factories]: [org.springframework.test.context.web.ServletTestExecutionListener, org.springframework.test.context.support.DirtiesContextBeforeModesTestExecutionListener, org.springframework.test.context.support.DependencyInjectionTestExecutionListener, org.springframework.test.context.support.DirtiesContextTestExecutionListener, org.springframework.test.context.transaction.TransactionalTestExecutionListener, org.springframework.test.context.jdbc.SqlScriptsTestExecutionListener]
2016-08-02 12:39:24 INFO  WebTestContextBootstrapper:207 - Could not instantiate TestExecutionListener [org.springframework.test.context.transaction.TransactionalTestExecutionListener]. Specify custom listener classes or make the default listener classes (and their required dependencies) available. Offending class: [org/springframework/transaction/interceptor/TransactionAttributeSource]
2016-08-02 12:39:24 INFO  WebTestContextBootstrapper:207 - Could not instantiate TestExecutionListener [org.springframework.test.context.jdbc.SqlScriptsTestExecutionListener]. Specify custom listener classes or make the default listener classes (and their required dependencies) available. Offending class: [org/springframework/transaction/interceptor/TransactionAttribute]
2016-08-02 12:39:24 INFO  WebTestContextBootstrapper:185 - Using TestExecutionListeners: [org.springframework.test.context.web.ServletTestExecutionListener@1993335, org.springframework.test.context.support.DirtiesContextBeforeModesTestExecutionListener@322d26, org.springframework.test.context.support.DependencyInjectionTestExecutionListener@12b07fd, org.springframework.test.context.support.DirtiesContextTestExecutionListener@bfbc86]
2016-08-02 12:39:24 DEBUG ProfileValueUtils:71 - Retrieved @ProfileValueSourceConfiguration [null] for test class [com.example.SpringBootHelloWorldApplicationTests]
2016-08-02 12:39:24 DEBUG ProfileValueUtils:83 - Retrieved ProfileValueSource type [class org.springframework.test.annotation.SystemProfileValueSource] for class [com.example.SpringBootHelloWorldApplicationTests]
2016-08-02 12:39:24 DEBUG SpringJUnit4ClassRunner:142 - SpringJUnit4ClassRunner constructor called with [class com.example.SpringBootHelloWorldApplicationTests]
2016-08-02 12:39:24 DEBUG BootstrapUtils:89 - Instantiating CacheAwareContextLoaderDelegate from class [org.springframework.test.context.cache.DefaultCacheAwareContextLoaderDelegate]
2016-08-02 12:39:24 DEBUG BootstrapUtils:72 - Instantiating BootstrapContext using constructor [public org.springframework.test.context.support.DefaultBootstrapContext(java.lang.Class,org.springframework.test.context.CacheAwareContextLoaderDelegate)]
2016-08-02 12:39:24 DEBUG BootstrapUtils:134 - Instantiating TestContextBootstrapper for test class [com.example.SpringBootHelloWorldApplicationTests] from class [org.springframework.test.context.web.WebTestContextBootstrapper]
2016-08-02 12:39:24 DEBUG WebTestContextBootstrapper:450 - Found explicit ContextLoader class [org.springframework.boot.test.SpringApplicationContextLoader] for context configuration attributes [ContextConfigurationAttributes@c0a365 declaringClass = 'com.example.SpringBootHelloWorldApplicationTests', classes = '{class application.Application}', locations = '{}', inheritLocations = true, initializers = '{}', inheritInitializers = true, name = [null], contextLoaderClass = 'org.springframework.boot.test.SpringApplicationContextLoader']
2016-08-02 12:39:24 DEBUG AbstractContextLoader:236 - Did not detect default resource location for test class [com.example.SpringBootHelloWorldApplicationTests]: class path resource [com/example/SpringBootHelloWorldApplicationTests-context.xml] does not exist
2016-08-02 12:39:24 DEBUG AbstractContextLoader:236 - Did not detect default resource location for test class [com.example.SpringBootHelloWorldApplicationTests]: class path resource [com/example/SpringBootHelloWorldApplicationTestsContext.groovy] does not exist
2016-08-02 12:39:24 INFO  AbstractContextLoader:242 - Could not detect default resource locations for test class [com.example.SpringBootHelloWorldApplicationTests]: no resource found for suffixes {-context.xml, Context.groovy}.
2016-08-02 12:39:24 DEBUG ActiveProfilesUtils:84 - Could not find an 'annotation declaring class' for annotation type [org.springframework.test.context.ActiveProfiles] and class [com.example.SpringBootHelloWorldApplicationTests]
2016-08-02 12:39:24 DEBUG WebTestContextBootstrapper:130 - @TestExecutionListeners is not present for class [com.example.SpringBootHelloWorldApplicationTests]: using defaults.
2016-08-02 12:39:24 INFO  WebTestContextBootstrapper:258 - Loaded default TestExecutionListener class names from location [META-INF/spring.factories]: [org.springframework.test.context.web.ServletTestExecutionListener, org.springframework.test.context.support.DirtiesContextBeforeModesTestExecutionListener, org.springframework.test.context.support.DependencyInjectionTestExecutionListener, org.springframework.test.context.support.DirtiesContextTestExecutionListener, org.springframework.test.context.transaction.TransactionalTestExecutionListener, org.springframework.test.context.jdbc.SqlScriptsTestExecutionListener]
2016-08-02 12:39:24 INFO  WebTestContextBootstrapper:207 - Could not instantiate TestExecutionListener [org.springframework.test.context.transaction.TransactionalTestExecutionListener]. Specify custom listener classes or make the default listener classes (and their required dependencies) available. Offending class: [org/springframework/transaction/interceptor/TransactionAttributeSource]
2016-08-02 12:39:24 INFO  WebTestContextBootstrapper:207 - Could not instantiate TestExecutionListener [org.springframework.test.context.jdbc.SqlScriptsTestExecutionListener]. Specify custom listener classes or make the default listener classes (and their required dependencies) available. Offending class: [org/springframework/transaction/interceptor/TransactionAttribute]
2016-08-02 12:39:24 INFO  WebTestContextBootstrapper:185 - Using TestExecutionListeners: [org.springframework.test.context.web.ServletTestExecutionListener@10736d9, org.springframework.test.context.support.DirtiesContextBeforeModesTestExecutionListener@19d02cb, org.springframework.test.context.support.DependencyInjectionTestExecutionListener@1753b6d, org.springframework.test.context.support.DirtiesContextTestExecutionListener@109bb57]
2016-08-02 12:39:24 DEBUG ProfileValueUtils:71 - Retrieved @ProfileValueSourceConfiguration [null] for test class [com.example.SpringBootHelloWorldApplicationTests]
2016-08-02 12:39:24 DEBUG ProfileValueUtils:83 - Retrieved ProfileValueSource type [class org.springframework.test.annotation.SystemProfileValueSource] for class [com.example.SpringBootHelloWorldApplicationTests]
2016-08-02 12:39:24 DEBUG ProfileValueUtils:71 - Retrieved @ProfileValueSourceConfiguration [null] for test class [com.example.SpringBootHelloWorldApplicationTests]
2016-08-02 12:39:24 DEBUG ProfileValueUtils:83 - Retrieved ProfileValueSource type [class org.springframework.test.annotation.SystemProfileValueSource] for class [com.example.SpringBootHelloWorldApplicationTests]
2016-08-02 12:39:24 DEBUG AbstractDirtiesContextTestExecutionListener:141 - Before test class: context [DefaultTestContext@15eadca testClass = SpringBootHelloWorldApplicationTests, testInstance = [null], testMethod = [null], testException = [null], mergedContextConfiguration = [WebMergedContextConfiguration@10366b4 testClass = SpringBootHelloWorldApplicationTests, locations = '{}', classes = '{class application.Application}', contextInitializerClasses = '[]', activeProfiles = '{}', propertySourceLocations = '{}', propertySourceProperties = '{}', resourceBasePath = 'src/main/webapp', contextLoader = 'org.springframework.boot.test.SpringApplicationContextLoader', parent = [null]]], class annotated with @DirtiesContext [false] with mode [null].
2016-08-02 12:39:24 DEBUG ProfileValueUtils:71 - Retrieved @ProfileValueSourceConfiguration [null] for test class [com.example.SpringBootHelloWorldApplicationTests]
2016-08-02 12:39:24 DEBUG ProfileValueUtils:83 - Retrieved ProfileValueSource type [class org.springframework.test.annotation.SystemProfileValueSource] for class [com.example.SpringBootHelloWorldApplicationTests]
2016-08-02 12:39:24 DEBUG StandardEnvironment:109 - Adding [systemProperties] PropertySource with lowest search precedence
2016-08-02 12:39:24 DEBUG StandardEnvironment:109 - Adding [systemEnvironment] PropertySource with lowest search precedence
2016-08-02 12:39:24 DEBUG StandardEnvironment:127 - Initialized StandardEnvironment with PropertySources [systemProperties,systemEnvironment]
2016-08-02 12:39:24 DEBUG StandardEnvironment:137 - Adding [integrationTest] PropertySource with search precedence immediately lower than [systemEnvironment]
